2025-04-14 22:59:10,804: INFO Project3 Server starting
2025-04-14 22:59:10,805: INFO Server listening on 127.0.0.1:7188
2025-04-14 22:59:21,569: INFO Accepted connection from ('127.0.0.1', 52272)
2025-04-14 22:59:47,160: INFO Received: REMOVE item
2025-04-14 22:59:56,574: INFO Received: CREATE todo
2025-04-14 23:00:02,842: INFO Received: CREATE another
2025-04-14 23:00:08,036: INFO Received: SHOW 
2025-04-14 23:00:32,648: INFO Received: ADD study for final
2025-04-14 23:00:38,606: INFO Received: ADD take final
2025-04-14 23:00:41,151: INFO Received: ADD party
2025-04-14 23:00:47,641: INFO Received: ADD get grades
2025-04-14 23:00:49,406: INFO Received: SHOW 
2025-04-14 23:00:55,728: INFO Received: REMOVE party
2025-04-14 23:00:57,538: INFO Received: SHOW 
2025-04-14 23:01:12,073: INFO Received: ADD resolve to study harder
2025-04-14 23:01:18,368: INFO Received: REMOVE study for final
2025-04-14 23:01:20,030: INFO Received: SHOW 
2025-04-14 23:01:26,507: INFO Received: QUIT 
2025-04-14 23:01:26,509: INFO Saved list state to disk.
2025-04-14 23:01:26,509: INFO Shutting down server.
2025-04-14 23:02:50,981: INFO Project3 Server starting
2025-04-14 23:02:50,982: INFO Loaded saved list from previous session.
2025-04-14 23:02:50,982: INFO Server listening on 127.0.0.1:7188
2025-04-14 23:02:57,506: INFO Accepted connection from ('127.0.0.1', 55436)
2025-04-14 23:03:11,192: INFO Received: CREATE mylist
2025-04-14 23:03:13,458: INFO Received: SHOW 
2025-04-14 23:03:22,473: INFO Received: REMOVE take final
2025-04-14 23:03:23,896: INFO Received: SHOW 
2025-04-14 23:03:35,157: INFO Received: DELETE mylist
2025-04-14 23:03:40,718: INFO Received: DELETE todo
2025-04-14 23:03:53,856: INFO Received: ADD item
2025-04-14 23:04:09,699: INFO Received: CREATE StoryOutline
2025-04-14 23:04:18,104: INFO Received: ADD Boy meets girl
2025-04-14 23:04:27,063: INFO Received: ADD Boy and girl fall in love
2025-04-14 23:04:37,884: INFO Received: ADD Earth explodes
2025-04-14 23:04:39,753: INFO Received: SHOW 
2025-04-14 23:04:44,884: INFO Received: ADD The end
2025-04-14 23:04:46,092: INFO Received: SHOW 
2025-04-14 23:05:00,646: INFO Received: REMOVE earth explodes
2025-04-14 23:05:05,630: INFO Received: SHOW 
2025-04-14 23:05:14,399: INFO Received: REMOVE Earth explodes
2025-04-14 23:05:17,322: INFO Received: SHOW 
2025-04-14 23:05:26,663: INFO Received: DELETE storyoutline
2025-04-14 23:05:35,986: INFO Received: DELETE StoryOutline
2025-04-14 23:05:38,043: INFO Received: QUIT 
2025-04-14 23:05:38,046: INFO Deleted saved_list.json because no active list remains.
2025-04-14 23:05:38,046: INFO Shutting down server.
