2025-04-14 22:59:21,568: INFO Project3 Client starting
2025-04-14 22:59:21,569: INFO Connected to server 127.0.0.1:7188
2025-04-14 22:59:27,905: INFO User input: help
2025-04-14 22:59:27,906: INFO Displayed HELP usage message.
2025-04-14 22:59:31,071: INFO User input: crate
2025-04-14 22:59:31,071: WARNING Invalid command: CRATE
2025-04-14 22:59:41,511: INFO User input: create
2025-04-14 22:59:41,512: WARNING Missing parameter for command: CREATE
2025-04-14 22:59:47,159: INFO User input: remove item
2025-04-14 22:59:47,160: INFO Sent request: {"command": "REMOVE", "parameter": "item"}
2025-04-14 22:59:47,161: INFO Received response: {'response': 'ERROR', 'parameter': 'No list selected.'}
2025-04-14 22:59:47,161: WARNING No list selected.
2025-04-14 22:59:56,574: INFO User input: create todo
2025-04-14 22:59:56,574: INFO Sent request: {"command": "CREATE", "parameter": "todo"}
2025-04-14 22:59:56,576: INFO Received response: {'response': 'CREATE', 'parameter': "List 'todo' created and selected."}
2025-04-14 23:00:02,841: INFO User input: create another
2025-04-14 23:00:02,842: INFO Sent request: {"command": "CREATE", "parameter": "another"}
2025-04-14 23:00:02,845: INFO Received response: {'response': 'ERROR', 'parameter': "List 'todo' is currently active. DELETE it before creating a new one."}
2025-04-14 23:00:02,845: WARNING List 'todo' is currently active. DELETE it before creating a new one.
2025-04-14 23:00:08,036: INFO User input: show
2025-04-14 23:00:08,036: INFO Sent request: {"command": "SHOW", "parameter": ""}
2025-04-14 23:00:08,037: INFO Received response: {'response': 'SHOW', 'parameter': '(list is empty)'}
2025-04-14 23:00:10,524: INFO User input: add
2025-04-14 23:00:10,524: WARNING Missing parameter for command: ADD
2025-04-14 23:00:32,647: INFO User input: add study for final
2025-04-14 23:00:32,648: INFO Sent request: {"command": "ADD", "parameter": "study for final"}
2025-04-14 23:00:32,649: INFO Received response: {'response': 'ADD', 'parameter': "'study for final' added to list 'todo'."}
2025-04-14 23:00:38,605: INFO User input: add take final
2025-04-14 23:00:38,606: INFO Sent request: {"command": "ADD", "parameter": "take final"}
2025-04-14 23:00:38,607: INFO Received response: {'response': 'ADD', 'parameter': "'take final' added to list 'todo'."}
2025-04-14 23:00:41,151: INFO User input: add party
2025-04-14 23:00:41,151: INFO Sent request: {"command": "ADD", "parameter": "party"}
2025-04-14 23:00:41,152: INFO Received response: {'response': 'ADD', 'parameter': "'party' added to list 'todo'."}
2025-04-14 23:00:47,641: INFO User input: add get grades
2025-04-14 23:00:47,641: INFO Sent request: {"command": "ADD", "parameter": "get grades"}
2025-04-14 23:00:47,642: INFO Received response: {'response': 'ADD', 'parameter': "'get grades' added to list 'todo'."}
2025-04-14 23:00:49,405: INFO User input: show
2025-04-14 23:00:49,406: INFO Sent request: {"command": "SHOW", "parameter": ""}
2025-04-14 23:00:49,406: INFO Received response: {'response': 'SHOW', 'parameter': 'study for final; take final; party; get grades'}
2025-04-14 23:00:55,727: INFO User input: remove party
2025-04-14 23:00:55,727: INFO Sent request: {"command": "REMOVE", "parameter": "party"}
2025-04-14 23:00:55,728: INFO Received response: {'response': 'REMOVE', 'parameter': "'party' removed from list."}
2025-04-14 23:00:57,538: INFO User input: show
2025-04-14 23:00:57,538: INFO Sent request: {"command": "SHOW", "parameter": ""}
2025-04-14 23:00:57,538: INFO Received response: {'response': 'SHOW', 'parameter': 'study for final; take final; get grades'}
2025-04-14 23:01:12,072: INFO User input: add resolve to study harder
2025-04-14 23:01:12,073: INFO Sent request: {"command": "ADD", "parameter": "resolve to study harder"}
2025-04-14 23:01:12,073: INFO Received response: {'response': 'ADD', 'parameter': "'resolve to study harder' added to list 'todo'."}
2025-04-14 23:01:18,367: INFO User input: remove study for final
2025-04-14 23:01:18,368: INFO Sent request: {"command": "REMOVE", "parameter": "study for final"}
2025-04-14 23:01:18,368: INFO Received response: {'response': 'REMOVE', 'parameter': "'study for final' removed from list."}
2025-04-14 23:01:20,030: INFO User input: show
2025-04-14 23:01:20,030: INFO Sent request: {"command": "SHOW", "parameter": ""}
2025-04-14 23:01:20,030: INFO Received response: {'response': 'SHOW', 'parameter': 'take final; get grades; resolve to study harder'}
2025-04-14 23:01:26,506: INFO User input: quit
2025-04-14 23:01:26,506: INFO Sent request: {"command": "QUIT", "parameter": ""}
2025-04-14 23:01:26,509: INFO Received response: {'response': 'SHUTDOWN', 'parameter': 'Server shutting down.'}
2025-04-14 23:01:26,509: INFO Client application terminated.
2025-04-14 23:02:57,506: INFO Project3 Client starting
2025-04-14 23:02:57,506: INFO Connected to server 127.0.0.1:7188
2025-04-14 23:03:11,192: INFO User input: create mylist
2025-04-14 23:03:11,192: INFO Sent request: {"command": "CREATE", "parameter": "mylist"}
2025-04-14 23:03:11,193: INFO Received response: {'response': 'ERROR', 'parameter': "List 'todo' is currently active. DELETE it before creating a new one."}
2025-04-14 23:03:11,193: WARNING List 'todo' is currently active. DELETE it before creating a new one.
2025-04-14 23:03:13,458: INFO User input: show
2025-04-14 23:03:13,458: INFO Sent request: {"command": "SHOW", "parameter": ""}
2025-04-14 23:03:13,459: INFO Received response: {'response': 'SHOW', 'parameter': 'take final; get grades; resolve to study harder'}
2025-04-14 23:03:22,473: INFO User input: remove take final
2025-04-14 23:03:22,473: INFO Sent request: {"command": "REMOVE", "parameter": "take final"}
2025-04-14 23:03:22,474: INFO Received response: {'response': 'REMOVE', 'parameter': "'take final' removed from list."}
2025-04-14 23:03:23,896: INFO User input: show
2025-04-14 23:03:23,896: INFO Sent request: {"command": "SHOW", "parameter": ""}
2025-04-14 23:03:23,896: INFO Received response: {'response': 'SHOW', 'parameter': 'get grades; resolve to study harder'}
2025-04-14 23:03:28,403: INFO User input: delete
2025-04-14 23:03:28,403: WARNING Missing parameter for command: DELETE
2025-04-14 23:03:35,157: INFO User input: delete mylist
2025-04-14 23:03:35,157: INFO Sent request: {"command": "DELETE", "parameter": "mylist"}
2025-04-14 23:03:35,157: INFO Received response: {'response': 'WARNING', 'parameter': "List 'mylist' does not exist."}
2025-04-14 23:03:35,158: WARNING List 'mylist' does not exist.
2025-04-14 23:03:40,717: INFO User input: delete todo
2025-04-14 23:03:40,717: INFO Sent request: {"command": "DELETE", "parameter": "todo"}
2025-04-14 23:03:40,718: INFO Received response: {'response': 'DELETE', 'parameter': "List 'todo' deleted."}
2025-04-14 23:03:47,229: INFO User input: create
2025-04-14 23:03:47,229: WARNING Missing parameter for command: CREATE
2025-04-14 23:03:53,856: INFO User input: Add item
2025-04-14 23:03:53,856: INFO Sent request: {"command": "ADD", "parameter": "item"}
2025-04-14 23:03:53,857: INFO Received response: {'response': 'ERROR', 'parameter': 'No list selected. Use CREATE first.'}
2025-04-14 23:03:53,857: WARNING No list selected. Use CREATE first.
2025-04-14 23:04:09,698: INFO User input: create StoryOutline
2025-04-14 23:04:09,699: INFO Sent request: {"command": "CREATE", "parameter": "StoryOutline"}
2025-04-14 23:04:09,700: INFO Received response: {'response': 'CREATE', 'parameter': "List 'StoryOutline' created and selected."}
2025-04-14 23:04:18,104: INFO User input: add Boy meets girl
2025-04-14 23:04:18,104: INFO Sent request: {"command": "ADD", "parameter": "Boy meets girl"}
2025-04-14 23:04:18,105: INFO Received response: {'response': 'ADD', 'parameter': "'Boy meets girl' added to list 'StoryOutline'."}
2025-04-14 23:04:27,062: INFO User input: add Boy and girl fall in love
2025-04-14 23:04:27,062: INFO Sent request: {"command": "ADD", "parameter": "Boy and girl fall in love"}
2025-04-14 23:04:27,063: INFO Received response: {'response': 'ADD', 'parameter': "'Boy and girl fall in love' added to list 'StoryOutline'."}
2025-04-14 23:04:37,883: INFO User input: add Earth explodes
2025-04-14 23:04:37,884: INFO Sent request: {"command": "ADD", "parameter": "Earth explodes"}
2025-04-14 23:04:37,885: INFO Received response: {'response': 'ADD', 'parameter': "'Earth explodes' added to list 'StoryOutline'."}
2025-04-14 23:04:39,753: INFO User input: show
2025-04-14 23:04:39,753: INFO Sent request: {"command": "SHOW", "parameter": ""}
2025-04-14 23:04:39,754: INFO Received response: {'response': 'SHOW', 'parameter': 'Boy meets girl; Boy and girl fall in love; Earth explodes'}
2025-04-14 23:04:44,884: INFO User input: add The end
2025-04-14 23:04:44,884: INFO Sent request: {"command": "ADD", "parameter": "The end"}
2025-04-14 23:04:44,885: INFO Received response: {'response': 'ADD', 'parameter': "'The end' added to list 'StoryOutline'."}
2025-04-14 23:04:46,092: INFO User input: show
2025-04-14 23:04:46,092: INFO Sent request: {"command": "SHOW", "parameter": ""}
2025-04-14 23:04:46,093: INFO Received response: {'response': 'SHOW', 'parameter': 'Boy meets girl; Boy and girl fall in love; Earth explodes; The end'}
2025-04-14 23:05:00,645: INFO User input: remove earth explodes
2025-04-14 23:05:00,645: INFO Sent request: {"command": "REMOVE", "parameter": "earth explodes"}
2025-04-14 23:05:02,315: INFO Received response: {'response': 'WARNING', 'parameter': "'earth explodes' not found in list."}
2025-04-14 23:05:02,315: WARNING 'earth explodes' not found in list.
2025-04-14 23:05:05,630: INFO User input: show
2025-04-14 23:05:05,630: INFO Sent request: {"command": "SHOW", "parameter": ""}
2025-04-14 23:05:05,631: INFO Received response: {'response': 'SHOW', 'parameter': 'Boy meets girl; Boy and girl fall in love; Earth explodes; The end'}
2025-04-14 23:05:14,399: INFO User input: remove Earth explodes
2025-04-14 23:05:14,399: INFO Sent request: {"command": "REMOVE", "parameter": "Earth explodes"}
2025-04-14 23:05:14,400: INFO Received response: {'response': 'REMOVE', 'parameter': "'Earth explodes' removed from list."}
2025-04-14 23:05:17,322: INFO User input: show
2025-04-14 23:05:17,322: INFO Sent request: {"command": "SHOW", "parameter": ""}
2025-04-14 23:05:17,323: INFO Received response: {'response': 'SHOW', 'parameter': 'Boy meets girl; Boy and girl fall in love; The end'}
2025-04-14 23:05:26,663: INFO User input: delete storyoutline
2025-04-14 23:05:26,663: INFO Sent request: {"command": "DELETE", "parameter": "storyoutline"}
2025-04-14 23:05:26,664: INFO Received response: {'response': 'WARNING', 'parameter': "List 'storyoutline' does not exist."}
2025-04-14 23:05:26,664: WARNING List 'storyoutline' does not exist.
2025-04-14 23:05:35,986: INFO User input: delete StoryOutline
2025-04-14 23:05:35,986: INFO Sent request: {"command": "DELETE", "parameter": "StoryOutline"}
2025-04-14 23:05:35,987: INFO Received response: {'response': 'DELETE', 'parameter': "List 'StoryOutline' deleted."}
2025-04-14 23:05:38,043: INFO User input: quit
2025-04-14 23:05:38,043: INFO Sent request: {"command": "QUIT", "parameter": ""}
2025-04-14 23:05:38,046: INFO Received response: {'response': 'SHUTDOWN', 'parameter': 'Server shutting down.'}
2025-04-14 23:05:38,046: INFO Client application terminated.
